[2019-10-09 15:18:23] Текст ошибки: Страница не найдена | Файл: W:\domains\govno\vendor\ishop\core\Router.php | Строка: 39
=================
[2019-10-09 15:18:23] Текст ошибки: Страница не найдена | Файл: W:\domains\govno\vendor\ishop\core\Router.php | Строка: 39
=================
[2019-10-09 15:18:23] Текст ошибки: Страница не найдена | Файл: W:\domains\govno\vendor\ishop\core\Router.php | Строка: 39
=================
[2019-10-09 15:18:23] Текст ошибки: Страница не найдена | Файл: W:\domains\govno\vendor\ishop\core\Router.php | Строка: 39
=================
[2019-10-09 15:18:23] Текст ошибки: Страница не найдена | Файл: W:\domains\govno\vendor\ishop\core\Router.php | Строка: 39
=================
[2019-10-09 15:18:23] Текст ошибки: Страница не найдена | Файл: W:\domains\govno\vendor\ishop\core\Router.php | Строка: 39
=================
[2019-10-09 15:18:23] Текст ошибки: Страница не найдена | Файл: W:\domains\govno\vendor\ishop\core\Router.php | Строка: 39
=================
[2019-10-09 15:18:23] Текст ошибки: Страница не найдена | Файл: W:\domains\govno\vendor\ishop\core\Router.php | Строка: 39
=================
[2019-10-09 15:18:23] Текст ошибки: Страница не найдена | Файл: W:\domains\govno\vendor\ishop\core\Router.php | Строка: 39
=================
[2019-10-09 15:18:23] Текст ошибки: Страница не найдена | Файл: W:\domains\govno\vendor\ishop\core\Router.php | Строка: 39
=================
[2019-10-09 15:18:23] Текст ошибки: Страница не найдена | Файл: W:\domains\govno\vendor\ishop\core\Router.php | Строка: 39
=================
[2019-10-09 15:18:23] Текст ошибки: Страница не найдена | Файл: W:\domains\govno\vendor\ishop\core\Router.php | Строка: 39
=================
[2019-10-09 15:18:23] Текст ошибки: Страница не найдена | Файл: W:\domains\govno\vendor\ishop\core\Router.php | Строка: 39
=================
[2019-10-09 15:18:23] Текст ошибки: Страница не найдена | Файл: W:\domains\govno\vendor\ishop\core\Router.php | Строка: 39
=================
[2019-10-09 15:18:23] Текст ошибки: Страница не найдена | Файл: W:\domains\govno\vendor\ishop\core\Router.php | Строка: 39
=================
[2019-10-09 15:18:24] Текст ошибки: Страница не найдена | Файл: W:\domains\govno\vendor\ishop\core\Router.php | Строка: 39
=================
[2019-10-09 15:18:24] Текст ошибки: Страница не найдена | Файл: W:\domains\govno\vendor\ishop\core\Router.php | Строка: 39
=================
[2019-10-09 15:18:24] Текст ошибки: Страница не найдена | Файл: W:\domains\govno\vendor\ishop\core\Router.php | Строка: 39
=================
[2019-10-09 15:18:24] Текст ошибки: Страница не найдена | Файл: W:\domains\govno\vendor\ishop\core\Router.php | Строка: 39
=================
[2019-10-09 15:18:24] Текст ошибки: Страница не найдена | Файл: W:\domains\govno\vendor\ishop\core\Router.php | Строка: 39
=================
[2019-10-09 15:18:24] Текст ошибки: Страница не найдена | Файл: W:\domains\govno\vendor\ishop\core\Router.php | Строка: 39
=================
[2019-10-09 15:18:24] Текст ошибки: Страница не найдена | Файл: W:\domains\govno\vendor\ishop\core\Router.php | Строка: 39
=================
[2019-10-09 15:18:24] Текст ошибки: Страница не найдена | Файл: W:\domains\govno\vendor\ishop\core\Router.php | Строка: 39
=================
[2019-10-09 15:18:24] Текст ошибки: Страница не найдена | Файл: W:\domains\govno\vendor\ishop\core\Router.php | Строка: 39
=================
[2019-10-09 15:18:24] Текст ошибки: Страница не найдена | Файл: W:\domains\govno\vendor\ishop\core\Router.php | Строка: 39
=================
[2019-10-09 15:18:24] Текст ошибки: Страница не найдена | Файл: W:\domains\govno\vendor\ishop\core\Router.php | Строка: 39
=================
[2019-10-09 15:18:24] Текст ошибки: Страница не найдена | Файл: W:\domains\govno\vendor\ishop\core\Router.php | Строка: 39
=================
[2019-10-09 15:18:24] Текст ошибки: Страница не найдена | Файл: W:\domains\govno\vendor\ishop\core\Router.php | Строка: 39
=================
[2019-10-09 15:18:24] Текст ошибки: Страница не найдена | Файл: W:\domains\govno\vendor\ishop\core\Router.php | Строка: 39
=================
[2019-10-09 15:18:24] Текст ошибки: Страница не найдена | Файл: W:\domains\govno\vendor\ishop\core\Router.php | Строка: 39
=================
[2019-10-09 15:18:24] Текст ошибки: Страница не найдена | Файл: W:\domains\govno\vendor\ishop\core\Router.php | Строка: 39
=================
[2019-10-09 15:18:24] Текст ошибки: Страница не найдена | Файл: W:\domains\govno\vendor\ishop\core\Router.php | Строка: 39
=================
[2019-10-09 15:18:24] Текст ошибки: Страница не найдена | Файл: W:\domains\govno\vendor\ishop\core\Router.php | Строка: 39
=================
[2019-10-09 15:18:24] Текст ошибки: Страница не найдена | Файл: W:\domains\govno\vendor\ishop\core\Router.php | Строка: 39
=================
[2019-10-09 15:18:24] Текст ошибки: Страница не найдена | Файл: W:\domains\govno\vendor\ishop\core\Router.php | Строка: 39
=================
[2019-10-09 15:18:24] Текст ошибки: Страница не найдена | Файл: W:\domains\govno\vendor\ishop\core\Router.php | Строка: 39
=================
[2019-10-09 15:18:24] Текст ошибки: Страница не найдена | Файл: W:\domains\govno\vendor\ishop\core\Router.php | Строка: 39
=================
[2019-10-09 15:18:24] Текст ошибки: Страница не найдена | Файл: W:\domains\govno\vendor\ishop\core\Router.php | Строка: 39
=================
[2019-10-09 15:18:24] Текст ошибки: Страница не найдена | Файл: W:\domains\govno\vendor\ishop\core\Router.php | Строка: 39
=================
[2019-10-09 15:18:24] Текст ошибки: Страница не найдена | Файл: W:\domains\govno\vendor\ishop\core\Router.php | Строка: 39
=================
[2019-10-09 15:18:24] Текст ошибки: Страница не найдена | Файл: W:\domains\govno\vendor\ishop\core\Router.php | Строка: 39
=================
[2019-10-09 15:18:24] Текст ошибки: Страница не найдена | Файл: W:\domains\govno\vendor\ishop\core\Router.php | Строка: 39
=================
[2019-10-09 15:18:24] Текст ошибки: Страница не найдена | Файл: W:\domains\govno\vendor\ishop\core\Router.php | Строка: 39
=================
[2019-10-09 15:18:24] Текст ошибки: Страница не найдена | Файл: W:\domains\govno\vendor\ishop\core\Router.php | Строка: 39
=================
[2019-10-09 15:18:24] Текст ошибки: Страница не найдена | Файл: W:\domains\govno\vendor\ishop\core\Router.php | Строка: 39
=================
[2019-10-09 15:18:25] Текст ошибки: Страница не найдена | Файл: W:\domains\govno\vendor\ishop\core\Router.php | Строка: 39
=================
[2019-10-09 15:18:25] Текст ошибки: Страница не найдена | Файл: W:\domains\govno\vendor\ishop\core\Router.php | Строка: 39
=================
[2019-10-09 15:18:25] Текст ошибки: Страница не найдена | Файл: W:\domains\govno\vendor\ishop\core\Router.php | Строка: 39
=================
[2019-10-09 15:18:25] Текст ошибки: Страница не найдена | Файл: W:\domains\govno\vendor\ishop\core\Router.php | Строка: 39
=================
[2019-10-09 15:18:25] Текст ошибки: Страница не найдена | Файл: W:\domains\govno\vendor\ishop\core\Router.php | Строка: 39
=================
[2019-10-09 15:18:25] Текст ошибки: Страница не найдена | Файл: W:\domains\govno\vendor\ishop\core\Router.php | Строка: 39
=================
[2019-10-09 15:18:25] Текст ошибки: Страница не найдена | Файл: W:\domains\govno\vendor\ishop\core\Router.php | Строка: 39
=================
[2019-10-09 15:18:25] Текст ошибки: Страница не найдена | Файл: W:\domains\govno\vendor\ishop\core\Router.php | Строка: 39
=================
[2019-10-09 15:18:25] Текст ошибки: Страница не найдена | Файл: W:\domains\govno\vendor\ishop\core\Router.php | Строка: 39
=================
[2019-10-09 15:18:29] Текст ошибки: Страница не найдена | Файл: W:\domains\govno\vendor\ishop\core\Router.php | Строка: 39
=================
[2019-10-09 15:18:29] Текст ошибки: Страница не найдена | Файл: W:\domains\govno\vendor\ishop\core\Router.php | Строка: 39
=================
[2019-10-09 15:18:29] Текст ошибки: Страница не найдена | Файл: W:\domains\govno\vendor\ishop\core\Router.php | Строка: 39
=================
[2019-10-09 15:18:29] Текст ошибки: Страница не найдена | Файл: W:\domains\govno\vendor\ishop\core\Router.php | Строка: 39
=================
[2019-10-09 15:18:29] Текст ошибки: Страница не найдена | Файл: W:\domains\govno\vendor\ishop\core\Router.php | Строка: 39
=================
[2019-10-09 15:18:29] Текст ошибки: Страница не найдена | Файл: W:\domains\govno\vendor\ishop\core\Router.php | Строка: 39
=================
[2019-10-09 15:18:29] Текст ошибки: Страница не найдена | Файл: W:\domains\govno\vendor\ishop\core\Router.php | Строка: 39
=================
[2019-10-09 15:18:29] Текст ошибки: Страница не найдена | Файл: W:\domains\govno\vendor\ishop\core\Router.php | Строка: 39
=================
[2019-10-09 15:18:29] Текст ошибки: Страница не найдена | Файл: W:\domains\govno\vendor\ishop\core\Router.php | Строка: 39
=================
[2019-10-09 15:18:29] Текст ошибки: Страница не найдена | Файл: W:\domains\govno\vendor\ishop\core\Router.php | Строка: 39
=================
[2019-10-09 15:18:29] Текст ошибки: Страница не найдена | Файл: W:\domains\govno\vendor\ishop\core\Router.php | Строка: 39
=================
[2019-10-09 15:18:29] Текст ошибки: Страница не найдена | Файл: W:\domains\govno\vendor\ishop\core\Router.php | Строка: 39
=================
[2019-10-09 15:18:29] Текст ошибки: Страница не найдена | Файл: W:\domains\govno\vendor\ishop\core\Router.php | Строка: 39
=================
[2019-10-09 15:18:29] Текст ошибки: Страница не найдена | Файл: W:\domains\govno\vendor\ishop\core\Router.php | Строка: 39
=================
[2019-10-09 15:18:29] Текст ошибки: Страница не найдена | Файл: W:\domains\govno\vendor\ishop\core\Router.php | Строка: 39
=================
[2019-10-09 15:18:29] Текст ошибки: Страница не найдена | Файл: W:\domains\govno\vendor\ishop\core\Router.php | Строка: 39
=================
[2019-10-09 15:18:29] Текст ошибки: Страница не найдена | Файл: W:\domains\govno\vendor\ishop\core\Router.php | Строка: 39
=================
[2019-10-09 15:18:29] Текст ошибки: Страница не найдена | Файл: W:\domains\govno\vendor\ishop\core\Router.php | Строка: 39
=================
[2019-10-09 15:18:29] Текст ошибки: Страница не найдена | Файл: W:\domains\govno\vendor\ishop\core\Router.php | Строка: 39
=================
[2019-10-09 15:18:29] Текст ошибки: Страница не найдена | Файл: W:\domains\govno\vendor\ishop\core\Router.php | Строка: 39
=================
[2019-10-09 15:18:29] Текст ошибки: Страница не найдена | Файл: W:\domains\govno\vendor\ishop\core\Router.php | Строка: 39
=================
[2019-10-09 15:18:29] Текст ошибки: Страница не найдена | Файл: W:\domains\govno\vendor\ishop\core\Router.php | Строка: 39
=================
[2019-10-09 15:18:29] Текст ошибки: Страница не найдена | Файл: W:\domains\govno\vendor\ishop\core\Router.php | Строка: 39
=================
[2019-10-09 15:18:29] Текст ошибки: Страница не найдена | Файл: W:\domains\govno\vendor\ishop\core\Router.php | Строка: 39
=================
[2019-10-09 15:18:29] Текст ошибки: Страница не найдена | Файл: W:\domains\govno\vendor\ishop\core\Router.php | Строка: 39
=================
[2019-10-09 15:18:29] Текст ошибки: Страница не найдена | Файл: W:\domains\govno\vendor\ishop\core\Router.php | Строка: 39
=================
[2019-10-09 15:18:29] Текст ошибки: Страница не найдена | Файл: W:\domains\govno\vendor\ishop\core\Router.php | Строка: 39
=================
[2019-10-09 15:18:29] Текст ошибки: Страница не найдена | Файл: W:\domains\govno\vendor\ishop\core\Router.php | Строка: 39
=================
[2019-10-09 15:18:29] Текст ошибки: Страница не найдена | Файл: W:\domains\govno\vendor\ishop\core\Router.php | Строка: 39
=================
[2019-10-09 15:18:29] Текст ошибки: Страница не найдена | Файл: W:\domains\govno\vendor\ishop\core\Router.php | Строка: 39
=================
[2019-10-09 15:18:29] Текст ошибки: Страница не найдена | Файл: W:\domains\govno\vendor\ishop\core\Router.php | Строка: 39
=================
[2019-10-09 15:18:29] Текст ошибки: Страница не найдена | Файл: W:\domains\govno\vendor\ishop\core\Router.php | Строка: 39
=================
[2019-10-09 15:18:29] Текст ошибки: Страница не найдена | Файл: W:\domains\govno\vendor\ishop\core\Router.php | Строка: 39
=================
[2019-10-09 15:18:29] Текст ошибки: Страница не найдена | Файл: W:\domains\govno\vendor\ishop\core\Router.php | Строка: 39
=================
[2019-10-09 15:18:29] Текст ошибки: Страница не найдена | Файл: W:\domains\govno\vendor\ishop\core\Router.php | Строка: 39
=================
[2019-10-09 15:18:29] Текст ошибки: Страница не найдена | Файл: W:\domains\govno\vendor\ishop\core\Router.php | Строка: 39
=================
[2019-10-09 15:18:29] Текст ошибки: Страница не найдена | Файл: W:\domains\govno\vendor\ishop\core\Router.php | Строка: 39
=================
[2019-10-09 15:18:30] Текст ошибки: Страница не найдена | Файл: W:\domains\govno\vendor\ishop\core\Router.php | Строка: 39
=================
[2019-10-09 15:18:30] Текст ошибки: Страница не найдена | Файл: W:\domains\govno\vendor\ishop\core\Router.php | Строка: 39
=================
[2019-10-09 15:18:30] Текст ошибки: Страница не найдена | Файл: W:\domains\govno\vendor\ishop\core\Router.php | Строка: 39
=================
[2019-10-09 15:18:30] Текст ошибки: Страница не найдена | Файл: W:\domains\govno\vendor\ishop\core\Router.php | Строка: 39
=================
[2019-10-09 15:18:30] Текст ошибки: Страница не найдена | Файл: W:\domains\govno\vendor\ishop\core\Router.php | Строка: 39
=================
[2019-10-09 15:18:30] Текст ошибки: Страница не найдена | Файл: W:\domains\govno\vendor\ishop\core\Router.php | Строка: 39
=================
[2019-10-09 15:18:30] Текст ошибки: Страница не найдена | Файл: W:\domains\govno\vendor\ishop\core\Router.php | Строка: 39
=================
[2019-10-09 15:18:30] Текст ошибки: Страница не найдена | Файл: W:\domains\govno\vendor\ishop\core\Router.php | Строка: 39
=================
[2019-10-09 15:18:30] Текст ошибки: Страница не найдена | Файл: W:\domains\govno\vendor\ishop\core\Router.php | Строка: 39
=================
[2019-10-09 15:18:30] Текст ошибки: Страница не найдена | Файл: W:\domains\govno\vendor\ishop\core\Router.php | Строка: 39
=================
[2019-10-09 15:18:30] Текст ошибки: Страница не найдена | Файл: W:\domains\govno\vendor\ishop\core\Router.php | Строка: 39
=================
[2019-10-09 15:18:30] Текст ошибки: Страница не найдена | Файл: W:\domains\govno\vendor\ishop\core\Router.php | Строка: 39
=================
[2019-10-09 15:18:30] Текст ошибки: Страница не найдена | Файл: W:\domains\govno\vendor\ishop\core\Router.php | Строка: 39
=================
[2019-10-09 15:18:30] Текст ошибки: Страница не найдена | Файл: W:\domains\govno\vendor\ishop\core\Router.php | Строка: 39
=================
[2019-10-09 15:18:30] Текст ошибки: Страница не найдена | Файл: W:\domains\govno\vendor\ishop\core\Router.php | Строка: 39
=================
[2019-10-09 15:18:30] Текст ошибки: Страница не найдена | Файл: W:\domains\govno\vendor\ishop\core\Router.php | Строка: 39
=================
[2019-10-09 15:20:01] Текст ошибки: Страница не найдена | Файл: W:\domains\govno\vendor\ishop\core\Router.php | Строка: 39
=================
[2019-10-09 15:20:01] Текст ошибки: Страница не найдена | Файл: W:\domains\govno\vendor\ishop\core\Router.php | Строка: 39
=================
[2019-10-09 15:20:01] Текст ошибки: Страница не найдена | Файл: W:\domains\govno\vendor\ishop\core\Router.php | Строка: 39
=================
[2019-10-09 15:20:01] Текст ошибки: Страница не найдена | Файл: W:\domains\govno\vendor\ishop\core\Router.php | Строка: 39
=================
[2019-10-09 15:20:01] Текст ошибки: Страница не найдена | Файл: W:\domains\govno\vendor\ishop\core\Router.php | Строка: 39
=================
[2019-10-09 15:20:01] Текст ошибки: Страница не найдена | Файл: W:\domains\govno\vendor\ishop\core\Router.php | Строка: 39
=================
[2019-10-09 15:20:01] Текст ошибки: Страница не найдена | Файл: W:\domains\govno\vendor\ishop\core\Router.php | Строка: 39
=================
[2019-10-09 15:20:01] Текст ошибки: Страница не найдена | Файл: W:\domains\govno\vendor\ishop\core\Router.php | Строка: 39
=================
[2019-10-09 15:20:01] Текст ошибки: Страница не найдена | Файл: W:\domains\govno\vendor\ishop\core\Router.php | Строка: 39
=================
[2019-10-09 15:20:01] Текст ошибки: Страница не найдена | Файл: W:\domains\govno\vendor\ishop\core\Router.php | Строка: 39
=================
[2019-10-09 15:20:01] Текст ошибки: Страница не найдена | Файл: W:\domains\govno\vendor\ishop\core\Router.php | Строка: 39
=================
[2019-10-09 15:20:01] Текст ошибки: Страница не найдена | Файл: W:\domains\govno\vendor\ishop\core\Router.php | Строка: 39
=================
[2019-10-09 15:20:01] Текст ошибки: Страница не найдена | Файл: W:\domains\govno\vendor\ishop\core\Router.php | Строка: 39
=================
[2019-10-09 15:20:01] Текст ошибки: Страница не найдена | Файл: W:\domains\govno\vendor\ishop\core\Router.php | Строка: 39
=================
[2019-10-09 15:20:01] Текст ошибки: Страница не найдена | Файл: W:\domains\govno\vendor\ishop\core\Router.php | Строка: 39
=================
[2019-10-09 15:20:01] Текст ошибки: Страница не найдена | Файл: W:\domains\govno\vendor\ishop\core\Router.php | Строка: 39
=================
[2019-10-09 15:20:01] Текст ошибки: Страница не найдена | Файл: W:\domains\govno\vendor\ishop\core\Router.php | Строка: 39
=================
[2019-10-09 15:20:01] Текст ошибки: Страница не найдена | Файл: W:\domains\govno\vendor\ishop\core\Router.php | Строка: 39
=================
[2019-10-09 15:20:01] Текст ошибки: Страница не найдена | Файл: W:\domains\govno\vendor\ishop\core\Router.php | Строка: 39
=================
[2019-10-09 15:20:01] Текст ошибки: Страница не найдена | Файл: W:\domains\govno\vendor\ishop\core\Router.php | Строка: 39
=================
[2019-10-09 15:20:01] Текст ошибки: Страница не найдена | Файл: W:\domains\govno\vendor\ishop\core\Router.php | Строка: 39
=================
[2019-10-09 15:20:01] Текст ошибки: Страница не найдена | Файл: W:\domains\govno\vendor\ishop\core\Router.php | Строка: 39
=================
[2019-10-09 15:20:01] Текст ошибки: Страница не найдена | Файл: W:\domains\govno\vendor\ishop\core\Router.php | Строка: 39
=================
[2019-10-09 15:20:01] Текст ошибки: Страница не найдена | Файл: W:\domains\govno\vendor\ishop\core\Router.php | Строка: 39
=================
[2019-10-09 15:20:01] Текст ошибки: Страница не найдена | Файл: W:\domains\govno\vendor\ishop\core\Router.php | Строка: 39
=================
[2019-10-09 15:20:01] Текст ошибки: Страница не найдена | Файл: W:\domains\govno\vendor\ishop\core\Router.php | Строка: 39
=================
[2019-10-09 15:20:01] Текст ошибки: Страница не найдена | Файл: W:\domains\govno\vendor\ishop\core\Router.php | Строка: 39
=================
[2019-10-09 15:20:01] Текст ошибки: Страница не найдена | Файл: W:\domains\govno\vendor\ishop\core\Router.php | Строка: 39
=================
[2019-10-09 15:20:01] Текст ошибки: Страница не найдена | Файл: W:\domains\govno\vendor\ishop\core\Router.php | Строка: 39
=================
[2019-10-09 15:20:01] Текст ошибки: Страница не найдена | Файл: W:\domains\govno\vendor\ishop\core\Router.php | Строка: 39
=================
[2019-10-09 15:20:01] Текст ошибки: Страница не найдена | Файл: W:\domains\govno\vendor\ishop\core\Router.php | Строка: 39
=================
[2019-10-09 15:20:01] Текст ошибки: Страница не найдена | Файл: W:\domains\govno\vendor\ishop\core\Router.php | Строка: 39
=================
[2019-10-09 15:20:01] Текст ошибки: Страница не найдена | Файл: W:\domains\govno\vendor\ishop\core\Router.php | Строка: 39
=================
[2019-10-09 15:20:01] Текст ошибки: Страница не найдена | Файл: W:\domains\govno\vendor\ishop\core\Router.php | Строка: 39
=================
[2019-10-09 15:20:01] Текст ошибки: Страница не найдена | Файл: W:\domains\govno\vendor\ishop\core\Router.php | Строка: 39
=================
[2019-10-09 15:20:01] Текст ошибки: Страница не найдена | Файл: W:\domains\govno\vendor\ishop\core\Router.php | Строка: 39
=================
[2019-10-09 15:20:01] Текст ошибки: Страница не найдена | Файл: W:\domains\govno\vendor\ishop\core\Router.php | Строка: 39
=================
[2019-10-09 15:20:01] Текст ошибки: Страница не найдена | Файл: W:\domains\govno\vendor\ishop\core\Router.php | Строка: 39
=================
[2019-10-09 15:20:02] Текст ошибки: Страница не найдена | Файл: W:\domains\govno\vendor\ishop\core\Router.php | Строка: 39
=================
[2019-10-09 15:20:02] Текст ошибки: Страница не найдена | Файл: W:\domains\govno\vendor\ishop\core\Router.php | Строка: 39
=================
[2019-10-09 15:20:02] Текст ошибки: Страница не найдена | Файл: W:\domains\govno\vendor\ishop\core\Router.php | Строка: 39
=================
[2019-10-09 15:20:02] Текст ошибки: Страница не найдена | Файл: W:\domains\govno\vendor\ishop\core\Router.php | Строка: 39
=================
[2019-10-09 15:20:02] Текст ошибки: Страница не найдена | Файл: W:\domains\govno\vendor\ishop\core\Router.php | Строка: 39
=================
[2019-10-09 15:20:02] Текст ошибки: Страница не найдена | Файл: W:\domains\govno\vendor\ishop\core\Router.php | Строка: 39
=================
[2019-10-09 15:20:02] Текст ошибки: Страница не найдена | Файл: W:\domains\govno\vendor\ishop\core\Router.php | Строка: 39
=================
[2019-10-09 15:20:02] Текст ошибки: Страница не найдена | Файл: W:\domains\govno\vendor\ishop\core\Router.php | Строка: 39
=================
[2019-10-09 15:20:02] Текст ошибки: Страница не найдена | Файл: W:\domains\govno\vendor\ishop\core\Router.php | Строка: 39
=================
[2019-10-09 15:20:02] Текст ошибки: Страница не найдена | Файл: W:\domains\govno\vendor\ishop\core\Router.php | Строка: 39
=================
[2019-10-09 15:20:02] Текст ошибки: Страница не найдена | Файл: W:\domains\govno\vendor\ishop\core\Router.php | Строка: 39
=================
[2019-10-09 15:20:02] Текст ошибки: Страница не найдена | Файл: W:\domains\govno\vendor\ishop\core\Router.php | Строка: 39
=================
[2019-10-09 15:20:02] Текст ошибки: Страница не найдена | Файл: W:\domains\govno\vendor\ishop\core\Router.php | Строка: 39
=================
[2019-10-09 15:20:02] Текст ошибки: Страница не найдена | Файл: W:\domains\govno\vendor\ishop\core\Router.php | Строка: 39
=================
[2019-10-09 15:20:02] Текст ошибки: Страница не найдена | Файл: W:\domains\govno\vendor\ishop\core\Router.php | Строка: 39
=================
[2019-10-09 15:25:08] Текст ошибки: Страница не найдена | Файл: W:\domains\govno\vendor\ishop\core\Router.php | Строка: 39
=================
[2019-10-09 15:26:49] Текст ошибки: Страница не найдена | Файл: W:\domains\govno\vendor\ishop\core\Router.php | Строка: 39
=================
[2019-10-09 15:28:56] Текст ошибки: Страница не найдена | Файл: W:\domains\govno\vendor\ishop\core\Router.php | Строка: 39
=================
[2019-10-09 15:29:32] Текст ошибки: syntax error, unexpected ';' | Файл: W:\domains\govno\app\widgets\menu\Menu.php | Строка: 16
=================
[2019-10-09 15:29:33] Текст ошибки: Страница не найдена | Файл: W:\domains\govno\vendor\ishop\core\Router.php | Строка: 39
=================
[2019-10-09 15:30:15] Текст ошибки: Страница не найдена | Файл: W:\domains\govno\vendor\ishop\core\Router.php | Строка: 39
=================
[2019-10-09 15:31:32] Текст ошибки: Страница не найдена | Файл: W:\domains\govno\vendor\ishop\core\Router.php | Строка: 39
=================
[2019-10-09 15:34:23] Текст ошибки: Страница не найдена | Файл: W:\domains\govno\vendor\ishop\core\Router.php | Строка: 39
=================
[2019-10-09 15:39:42] Текст ошибки: Страница не найдена | Файл: W:\domains\govno\vendor\ishop\core\Router.php | Строка: 39
=================
[2019-10-09 15:40:17] Текст ошибки: Страница не найдена | Файл: W:\domains\govno\vendor\ishop\core\Router.php | Строка: 39
=================
[2019-10-09 15:41:51] Текст ошибки: Class 'app\widgets\menu\Menu' not found | Файл: W:\domains\govno\app\views\layouts\watches.php | Строка: 307
=================
[2019-10-09 15:42:12] Текст ошибки: Страница не найдена | Файл: W:\domains\govno\vendor\ishop\core\Router.php | Строка: 39
=================
[2019-10-09 15:45:57] Текст ошибки: Страница не найдена | Файл: W:\domains\govno\vendor\ishop\core\Router.php | Строка: 39
=================
[2019-10-09 15:50:36] Текст ошибки: Страница не найдена | Файл: W:\domains\govno\vendor\ishop\core\Router.php | Строка: 39
=================
[2019-10-09 15:51:06] Текст ошибки: Страница не найдена | Файл: W:\domains\govno\vendor\ishop\core\Router.php | Строка: 39
=================
[2019-10-09 15:51:14] Текст ошибки: Страница не найдена | Файл: W:\domains\govno\vendor\ishop\core\Router.php | Строка: 39
=================
[2019-10-09 15:55:29] Текст ошибки: Страница не найдена | Файл: W:\domains\govno\vendor\ishop\core\Router.php | Строка: 39
=================
[2019-10-09 15:55:33] Текст ошибки: Страница не найдена | Файл: W:\domains\govno\vendor\ishop\core\Router.php | Строка: 39
=================
[2019-10-09 15:55:47] Текст ошибки: Страница не найдена | Файл: W:\domains\govno\vendor\ishop\core\Router.php | Строка: 39
=================
[2019-10-09 15:57:26] Текст ошибки: Страница не найдена | Файл: W:\domains\govno\vendor\ishop\core\Router.php | Строка: 39
=================
[2019-10-09 15:57:56] Текст ошибки: Страница не найдена | Файл: W:\domains\govno\vendor\ishop\core\Router.php | Строка: 39
=================
[2019-10-09 15:59:44] Текст ошибки: Страница не найдена | Файл: W:\domains\govno\vendor\ishop\core\Router.php | Строка: 39
=================
[2019-10-09 16:01:37] Текст ошибки: Страница не найдена | Файл: W:\domains\govno\vendor\ishop\core\Router.php | Строка: 39
=================
[2019-10-09 16:03:47] Текст ошибки: Страница не найдена | Файл: W:\domains\govno\vendor\ishop\core\Router.php | Строка: 39
=================
[2019-10-09 16:03:58] Текст ошибки: Страница не найдена | Файл: W:\domains\govno\vendor\ishop\core\Router.php | Строка: 39
=================
[2019-10-09 16:04:42] Текст ошибки: Страница не найдена | Файл: W:\domains\govno\vendor\ishop\core\Router.php | Строка: 39
=================
[2019-10-09 16:07:35] Текст ошибки: Страница не найдена | Файл: W:\domains\govno\vendor\ishop\core\Router.php | Строка: 39
=================
[2019-10-09 16:12:29] Текст ошибки: Страница не найдена | Файл: W:\domains\govno\vendor\ishop\core\Router.php | Строка: 39
=================
[2019-10-09 16:27:07] Текст ошибки: Страница не найдена | Файл: W:\domains\govno\vendor\ishop\core\Router.php | Строка: 39
=================
[2019-10-09 16:27:35] Текст ошибки: syntax error, unexpected end of file, expecting elseif (T_ELSEIF) or else (T_ELSE) or endif (T_ENDIF) | Файл: W:\domains\govno\public\menu\menu.php | Строка: 52
=================
[2019-10-09 16:27:37] Текст ошибки: syntax error, unexpected end of file, expecting elseif (T_ELSEIF) or else (T_ELSE) or endif (T_ENDIF) | Файл: W:\domains\govno\public\menu\menu.php | Строка: 52
=================
[2019-10-09 16:27:43] Текст ошибки: syntax error, unexpected end of file, expecting elseif (T_ELSEIF) or else (T_ELSE) or endif (T_ENDIF) | Файл: W:\domains\govno\public\menu\menu.php | Строка: 52
=================
[2019-10-09 16:27:44] Текст ошибки: syntax error, unexpected end of file, expecting elseif (T_ELSEIF) or else (T_ELSE) or endif (T_ENDIF) | Файл: W:\domains\govno\public\menu\menu.php | Строка: 52
=================
[2019-10-09 16:27:44] Текст ошибки: syntax error, unexpected end of file, expecting elseif (T_ELSEIF) or else (T_ELSE) or endif (T_ENDIF) | Файл: W:\domains\govno\public\menu\menu.php | Строка: 52
=================
[2019-10-09 16:27:46] Текст ошибки: syntax error, unexpected end of file, expecting elseif (T_ELSEIF) or else (T_ELSE) or endif (T_ENDIF) | Файл: W:\domains\govno\public\menu\menu.php | Строка: 52
=================
[2019-10-09 16:27:48] Текст ошибки: syntax error, unexpected end of file, expecting elseif (T_ELSEIF) or else (T_ELSE) or endif (T_ENDIF) | Файл: W:\domains\govno\public\menu\menu.php | Строка: 52
=================
[2019-10-09 16:42:15] Текст ошибки: Страница не найдена | Файл: W:\domains\govno\vendor\ishop\core\Router.php | Строка: 39
=================
[2019-10-09 16:42:15] Текст ошибки: Страница не найдена | Файл: W:\domains\govno\vendor\ishop\core\Router.php | Строка: 39
=================
[2019-10-09 16:42:15] Текст ошибки: Страница не найдена | Файл: W:\domains\govno\vendor\ishop\core\Router.php | Строка: 39
=================
[2019-10-09 16:42:15] Текст ошибки: Страница не найдена | Файл: W:\domains\govno\vendor\ishop\core\Router.php | Строка: 39
=================
[2019-10-09 16:42:15] Текст ошибки: Страница не найдена | Файл: W:\domains\govno\vendor\ishop\core\Router.php | Строка: 39
=================
[2019-10-09 16:42:15] Текст ошибки: Страница не найдена | Файл: W:\domains\govno\vendor\ishop\core\Router.php | Строка: 39
=================
[2019-10-09 16:42:15] Текст ошибки: Страница не найдена | Файл: W:\domains\govno\vendor\ishop\core\Router.php | Строка: 39
=================
[2019-10-09 16:42:15] Текст ошибки: Страница не найдена | Файл: W:\domains\govno\vendor\ishop\core\Router.php | Строка: 39
=================
[2019-10-09 16:42:15] Текст ошибки: Страница не найдена | Файл: W:\domains\govno\vendor\ishop\core\Router.php | Строка: 39
=================
[2019-10-09 16:42:16] Текст ошибки: Страница не найдена | Файл: W:\domains\govno\vendor\ishop\core\Router.php | Строка: 39
=================
[2019-10-09 17:23:24] Текст ошибки: Страница не найдена | Файл: W:\domains\govno\vendor\ishop\core\Router.php | Строка: 39
=================
[2019-10-09 17:24:23] Текст ошибки: Страница не найдена | Файл: W:\domains\govno\vendor\ishop\core\Router.php | Строка: 39
=================
[2019-10-09 17:26:08] Текст ошибки: Страница не найдена | Файл: W:\domains\govno\vendor\ishop\core\Router.php | Строка: 39
=================
[2019-10-09 17:27:53] Текст ошибки: Страница не найдена | Файл: W:\domains\govno\vendor\ishop\core\Router.php | Строка: 39
=================
[2019-10-09 17:29:37] Текст ошибки: Страница не найдена | Файл: W:\domains\govno\vendor\ishop\core\Router.php | Строка: 39
=================
[2019-10-09 17:34:15] Текст ошибки: Страница не найдена | Файл: W:\domains\govno\vendor\ishop\core\Router.php | Строка: 39
=================
[2019-10-09 17:36:57] Текст ошибки: Страница не найдена | Файл: W:\domains\govno\vendor\ishop\core\Router.php | Строка: 39
=================
[2019-10-09 17:37:41] Текст ошибки: Страница не найдена | Файл: W:\domains\govno\vendor\ishop\core\Router.php | Строка: 39
=================
[2019-10-09 17:37:41] Текст ошибки: Страница не найдена | Файл: W:\domains\govno\vendor\ishop\core\Router.php | Строка: 39
=================
[2019-10-09 17:37:41] Текст ошибки: Страница не найдена | Файл: W:\domains\govno\vendor\ishop\core\Router.php | Строка: 39
=================
[2019-10-09 17:37:41] Текст ошибки: Страница не найдена | Файл: W:\domains\govno\vendor\ishop\core\Router.php | Строка: 39
=================
[2019-10-09 17:37:41] Текст ошибки: Страница не найдена | Файл: W:\domains\govno\vendor\ishop\core\Router.php | Строка: 39
=================
[2019-10-09 17:37:41] Текст ошибки: Страница не найдена | Файл: W:\domains\govno\vendor\ishop\core\Router.php | Строка: 39
=================
[2019-10-09 17:37:41] Текст ошибки: Страница не найдена | Файл: W:\domains\govno\vendor\ishop\core\Router.php | Строка: 39
=================
[2019-10-09 17:37:41] Текст ошибки: Страница не найдена | Файл: W:\domains\govno\vendor\ishop\core\Router.php | Строка: 39
=================
[2019-10-09 17:37:41] Текст ошибки: Страница не найдена | Файл: W:\domains\govno\vendor\ishop\core\Router.php | Строка: 39
=================
[2019-10-09 17:37:42] Текст ошибки: Страница не найдена | Файл: W:\domains\govno\vendor\ishop\core\Router.php | Строка: 39
=================
[2019-10-09 17:37:42] Текст ошибки: Страница не найдена | Файл: W:\domains\govno\vendor\ishop\core\Router.php | Строка: 39
=================
[2019-10-09 17:37:42] Текст ошибки: Страница не найдена | Файл: W:\domains\govno\vendor\ishop\core\Router.php | Строка: 39
=================
[2019-10-09 17:37:42] Текст ошибки: Страница не найдена | Файл: W:\domains\govno\vendor\ishop\core\Router.php | Строка: 39
=================
[2019-10-09 17:37:42] Текст ошибки: Страница не найдена | Файл: W:\domains\govno\vendor\ishop\core\Router.php | Строка: 39
=================
[2019-10-09 17:37:42] Текст ошибки: Страница не найдена | Файл: W:\domains\govno\vendor\ishop\core\Router.php | Строка: 39
=================
[2019-10-09 17:37:42] Текст ошибки: Страница не найдена | Файл: W:\domains\govno\vendor\ishop\core\Router.php | Строка: 39
=================
[2019-10-09 17:37:42] Текст ошибки: Страница не найдена | Файл: W:\domains\govno\vendor\ishop\core\Router.php | Строка: 39
=================
[2019-10-09 17:37:42] Текст ошибки: Страница не найдена | Файл: W:\domains\govno\vendor\ishop\core\Router.php | Строка: 39
=================
[2019-10-09 17:37:42] Текст ошибки: Страница не найдена | Файл: W:\domains\govno\vendor\ishop\core\Router.php | Строка: 39
=================
[2019-10-09 17:37:42] Текст ошибки: Страница не найдена | Файл: W:\domains\govno\vendor\ishop\core\Router.php | Строка: 39
=================
[2019-10-09 17:37:42] Текст ошибки: Страница не найдена | Файл: W:\domains\govno\vendor\ishop\core\Router.php | Строка: 39
=================
[2019-10-09 17:37:42] Текст ошибки: Страница не найдена | Файл: W:\domains\govno\vendor\ishop\core\Router.php | Строка: 39
=================
[2019-10-09 17:37:42] Текст ошибки: Страница не найдена | Файл: W:\domains\govno\vendor\ishop\core\Router.php | Строка: 39
=================
[2019-10-09 17:37:42] Текст ошибки: Страница не найдена | Файл: W:\domains\govno\vendor\ishop\core\Router.php | Строка: 39
=================
[2019-10-09 17:37:42] Текст ошибки: Страница не найдена | Файл: W:\domains\govno\vendor\ishop\core\Router.php | Строка: 39
=================
[2019-10-09 17:37:42] Текст ошибки: Страница не найдена | Файл: W:\domains\govno\vendor\ishop\core\Router.php | Строка: 39
=================
[2019-10-09 17:37:42] Текст ошибки: Страница не найдена | Файл: W:\domains\govno\vendor\ishop\core\Router.php | Строка: 39
=================
[2019-10-09 17:37:42] Текст ошибки: Страница не найдена | Файл: W:\domains\govno\vendor\ishop\core\Router.php | Строка: 39
=================
[2019-10-09 17:37:42] Текст ошибки: Страница не найдена | Файл: W:\domains\govno\vendor\ishop\core\Router.php | Строка: 39
=================
[2019-10-09 17:37:42] Текст ошибки: Страница не найдена | Файл: W:\domains\govno\vendor\ishop\core\Router.php | Строка: 39
=================
[2019-10-09 17:37:42] Текст ошибки: Страница не найдена | Файл: W:\domains\govno\vendor\ishop\core\Router.php | Строка: 39
=================
[2019-10-09 17:37:42] Текст ошибки: Страница не найдена | Файл: W:\domains\govno\vendor\ishop\core\Router.php | Строка: 39
=================
[2019-10-09 17:37:42] Текст ошибки: Страница не найдена | Файл: W:\domains\govno\vendor\ishop\core\Router.php | Строка: 39
=================
[2019-10-09 17:37:42] Текст ошибки: Страница не найдена | Файл: W:\domains\govno\vendor\ishop\core\Router.php | Строка: 39
=================
[2019-10-09 17:37:42] Текст ошибки: Страница не найдена | Файл: W:\domains\govno\vendor\ishop\core\Router.php | Строка: 39
=================
[2019-10-09 17:37:42] Текст ошибки: Страница не найдена | Файл: W:\domains\govno\vendor\ishop\core\Router.php | Строка: 39
=================
[2019-10-09 17:37:42] Текст ошибки: Страница не найдена | Файл: W:\domains\govno\vendor\ishop\core\Router.php | Строка: 39
=================
[2019-10-09 17:37:43] Текст ошибки: Страница не найдена | Файл: W:\domains\govno\vendor\ishop\core\Router.php | Строка: 39
=================
[2019-10-09 17:37:43] Текст ошибки: Страница не найдена | Файл: W:\domains\govno\vendor\ishop\core\Router.php | Строка: 39
=================
[2019-10-09 17:37:43] Текст ошибки: Страница не найдена | Файл: W:\domains\govno\vendor\ishop\core\Router.php | Строка: 39
=================
[2019-10-09 17:37:43] Текст ошибки: Страница не найдена | Файл: W:\domains\govno\vendor\ishop\core\Router.php | Строка: 39
=================
[2019-10-09 17:37:43] Текст ошибки: Страница не найдена | Файл: W:\domains\govno\vendor\ishop\core\Router.php | Строка: 39
=================
[2019-10-09 17:37:43] Текст ошибки: Страница не найдена | Файл: W:\domains\govno\vendor\ishop\core\Router.php | Строка: 39
=================
[2019-10-09 17:37:43] Текст ошибки: Страница не найдена | Файл: W:\domains\govno\vendor\ishop\core\Router.php | Строка: 39
=================
[2019-10-09 17:37:43] Текст ошибки: Страница не найдена | Файл: W:\domains\govno\vendor\ishop\core\Router.php | Строка: 39
=================
[2019-10-09 17:37:43] Текст ошибки: Страница не найдена | Файл: W:\domains\govno\vendor\ishop\core\Router.php | Строка: 39
=================
[2019-10-09 17:37:43] Текст ошибки: Страница не найдена | Файл: W:\domains\govno\vendor\ishop\core\Router.php | Строка: 39
=================
[2019-10-09 17:37:43] Текст ошибки: Страница не найдена | Файл: W:\domains\govno\vendor\ishop\core\Router.php | Строка: 39
=================
[2019-10-09 17:37:43] Текст ошибки: Страница не найдена | Файл: W:\domains\govno\vendor\ishop\core\Router.php | Строка: 39
=================
[2019-10-09 17:37:43] Текст ошибки: Страница не найдена | Файл: W:\domains\govno\vendor\ishop\core\Router.php | Строка: 39
=================
[2019-10-09 17:37:43] Текст ошибки: Страница не найдена | Файл: W:\domains\govno\vendor\ishop\core\Router.php | Строка: 39
=================
[2019-10-09 17:37:43] Текст ошибки: Страница не найдена | Файл: W:\domains\govno\vendor\ishop\core\Router.php | Строка: 39
=================
[2019-10-09 17:38:12] Текст ошибки: Страница не найдена | Файл: W:\domains\govno\vendor\ishop\core\Router.php | Строка: 39
=================
[2019-10-09 17:38:12] Текст ошибки: Страница не найдена | Файл: W:\domains\govno\vendor\ishop\core\Router.php | Строка: 39
=================
[2019-10-09 17:38:12] Текст ошибки: Страница не найдена | Файл: W:\domains\govno\vendor\ishop\core\Router.php | Строка: 39
=================
[2019-10-09 17:38:12] Текст ошибки: Страница не найдена | Файл: W:\domains\govno\vendor\ishop\core\Router.php | Строка: 39
=================
[2019-10-09 17:38:12] Текст ошибки: Страница не найдена | Файл: W:\domains\govno\vendor\ishop\core\Router.php | Строка: 39
=================
[2019-10-09 17:38:12] Текст ошибки: Страница не найдена | Файл: W:\domains\govno\vendor\ishop\core\Router.php | Строка: 39
=================
[2019-10-09 17:38:12] Текст ошибки: Страница не найдена | Файл: W:\domains\govno\vendor\ishop\core\Router.php | Строка: 39
=================
[2019-10-09 17:38:12] Текст ошибки: Страница не найдена | Файл: W:\domains\govno\vendor\ishop\core\Router.php | Строка: 39
=================
[2019-10-09 17:38:12] Текст ошибки: Страница не найдена | Файл: W:\domains\govno\vendor\ishop\core\Router.php | Строка: 39
=================
[2019-10-09 17:38:12] Текст ошибки: Страница не найдена | Файл: W:\domains\govno\vendor\ishop\core\Router.php | Строка: 39
=================
[2019-10-09 17:38:13] Текст ошибки: Страница не найдена | Файл: W:\domains\govno\vendor\ishop\core\Router.php | Строка: 39
=================
[2019-10-09 17:38:13] Текст ошибки: Страница не найдена | Файл: W:\domains\govno\vendor\ishop\core\Router.php | Строка: 39
=================
[2019-10-09 17:38:13] Текст ошибки: Страница не найдена | Файл: W:\domains\govno\vendor\ishop\core\Router.php | Строка: 39
=================
[2019-10-09 17:38:13] Текст ошибки: Страница не найдена | Файл: W:\domains\govno\vendor\ishop\core\Router.php | Строка: 39
=================
[2019-10-09 17:38:13] Текст ошибки: Страница не найдена | Файл: W:\domains\govno\vendor\ishop\core\Router.php | Строка: 39
=================
[2019-10-09 17:38:13] Текст ошибки: Страница не найдена | Файл: W:\domains\govno\vendor\ishop\core\Router.php | Строка: 39
=================
[2019-10-09 17:38:13] Текст ошибки: Страница не найдена | Файл: W:\domains\govno\vendor\ishop\core\Router.php | Строка: 39
=================
[2019-10-09 17:38:13] Текст ошибки: Страница не найдена | Файл: W:\domains\govno\vendor\ishop\core\Router.php | Строка: 39
=================
[2019-10-09 17:38:13] Текст ошибки: Страница не найдена | Файл: W:\domains\govno\vendor\ishop\core\Router.php | Строка: 39
=================
[2019-10-09 17:38:13] Текст ошибки: Страница не найдена | Файл: W:\domains\govno\vendor\ishop\core\Router.php | Строка: 39
=================
[2019-10-09 17:38:13] Текст ошибки: Страница не найдена | Файл: W:\domains\govno\vendor\ishop\core\Router.php | Строка: 39
=================
[2019-10-09 17:38:13] Текст ошибки: Страница не найдена | Файл: W:\domains\govno\vendor\ishop\core\Router.php | Строка: 39
=================
[2019-10-09 17:38:13] Текст ошибки: Страница не найдена | Файл: W:\domains\govno\vendor\ishop\core\Router.php | Строка: 39
=================
[2019-10-09 17:38:13] Текст ошибки: Страница не найдена | Файл: W:\domains\govno\vendor\ishop\core\Router.php | Строка: 39
=================
[2019-10-09 17:38:13] Текст ошибки: Страница не найдена | Файл: W:\domains\govno\vendor\ishop\core\Router.php | Строка: 39
=================
[2019-10-09 17:38:13] Текст ошибки: Страница не найдена | Файл: W:\domains\govno\vendor\ishop\core\Router.php | Строка: 39
=================
[2019-10-09 17:38:13] Текст ошибки: Страница не найдена | Файл: W:\domains\govno\vendor\ishop\core\Router.php | Строка: 39
=================
[2019-10-09 17:38:13] Текст ошибки: Страница не найдена | Файл: W:\domains\govno\vendor\ishop\core\Router.php | Строка: 39
=================
[2019-10-09 17:38:13] Текст ошибки: Страница не найдена | Файл: W:\domains\govno\vendor\ishop\core\Router.php | Строка: 39
=================
[2019-10-09 17:38:13] Текст ошибки: Страница не найдена | Файл: W:\domains\govno\vendor\ishop\core\Router.php | Строка: 39
=================
[2019-10-09 17:38:13] Текст ошибки: Страница не найдена | Файл: W:\domains\govno\vendor\ishop\core\Router.php | Строка: 39
=================
[2019-10-09 17:38:13] Текст ошибки: Страница не найдена | Файл: W:\domains\govno\vendor\ishop\core\Router.php | Строка: 39
=================
[2019-10-09 17:38:13] Текст ошибки: Страница не найдена | Файл: W:\domains\govno\vendor\ishop\core\Router.php | Строка: 39
=================
[2019-10-09 17:38:13] Текст ошибки: Страница не найдена | Файл: W:\domains\govno\vendor\ishop\core\Router.php | Строка: 39
=================
[2019-10-09 17:38:13] Текст ошибки: Страница не найдена | Файл: W:\domains\govno\vendor\ishop\core\Router.php | Строка: 39
=================
[2019-10-09 17:38:13] Текст ошибки: Страница не найдена | Файл: W:\domains\govno\vendor\ishop\core\Router.php | Строка: 39
=================
[2019-10-09 17:38:13] Текст ошибки: Страница не найдена | Файл: W:\domains\govno\vendor\ishop\core\Router.php | Строка: 39
=================
[2019-10-09 17:38:13] Текст ошибки: Страница не найдена | Файл: W:\domains\govno\vendor\ishop\core\Router.php | Строка: 39
=================
[2019-10-09 17:38:13] Текст ошибки: Страница не найдена | Файл: W:\domains\govno\vendor\ishop\core\Router.php | Строка: 39
=================
[2019-10-09 17:38:13] Текст ошибки: Страница не найдена | Файл: W:\domains\govno\vendor\ishop\core\Router.php | Строка: 39
=================
[2019-10-09 17:38:13] Текст ошибки: Страница не найдена | Файл: W:\domains\govno\vendor\ishop\core\Router.php | Строка: 39
=================
[2019-10-09 17:38:13] Текст ошибки: Страница не найдена | Файл: W:\domains\govno\vendor\ishop\core\Router.php | Строка: 39
=================
[2019-10-09 17:38:13] Текст ошибки: Страница не найдена | Файл: W:\domains\govno\vendor\ishop\core\Router.php | Строка: 39
=================
[2019-10-09 17:38:13] Текст ошибки: Страница не найдена | Файл: W:\domains\govno\vendor\ishop\core\Router.php | Строка: 39
=================
[2019-10-09 17:38:14] Текст ошибки: Страница не найдена | Файл: W:\domains\govno\vendor\ishop\core\Router.php | Строка: 39
=================
[2019-10-09 17:38:14] Текст ошибки: Страница не найдена | Файл: W:\domains\govno\vendor\ishop\core\Router.php | Строка: 39
=================
[2019-10-09 17:38:14] Текст ошибки: Страница не найдена | Файл: W:\domains\govno\vendor\ishop\core\Router.php | Строка: 39
=================
[2019-10-09 17:38:14] Текст ошибки: Страница не найдена | Файл: W:\domains\govno\vendor\ishop\core\Router.php | Строка: 39
=================
[2019-10-09 17:38:14] Текст ошибки: Страница не найдена | Файл: W:\domains\govno\vendor\ishop\core\Router.php | Строка: 39
=================
[2019-10-09 17:38:14] Текст ошибки: Страница не найдена | Файл: W:\domains\govno\vendor\ishop\core\Router.php | Строка: 39
=================
[2019-10-09 17:38:14] Текст ошибки: Страница не найдена | Файл: W:\domains\govno\vendor\ishop\core\Router.php | Строка: 39
=================
[2019-10-09 17:38:14] Текст ошибки: Страница не найдена | Файл: W:\domains\govno\vendor\ishop\core\Router.php | Строка: 39
=================
[2019-10-09 17:38:18] Текст ошибки: Страница не найдена | Файл: W:\domains\govno\vendor\ishop\core\Router.php | Строка: 39
=================
[2019-10-09 17:38:18] Текст ошибки: Страница не найдена | Файл: W:\domains\govno\vendor\ishop\core\Router.php | Строка: 39
=================
[2019-10-09 17:38:18] Текст ошибки: Страница не найдена | Файл: W:\domains\govno\vendor\ishop\core\Router.php | Строка: 39
=================
[2019-10-09 17:38:18] Текст ошибки: Страница не найдена | Файл: W:\domains\govno\vendor\ishop\core\Router.php | Строка: 39
=================
[2019-10-09 17:38:18] Текст ошибки: Страница не найдена | Файл: W:\domains\govno\vendor\ishop\core\Router.php | Строка: 39
=================
[2019-10-09 17:38:18] Текст ошибки: Страница не найдена | Файл: W:\domains\govno\vendor\ishop\core\Router.php | Строка: 39
=================
[2019-10-09 17:38:18] Текст ошибки: Страница не найдена | Файл: W:\domains\govno\vendor\ishop\core\Router.php | Строка: 39
=================
[2019-10-09 17:38:18] Текст ошибки: Страница не найдена | Файл: W:\domains\govno\vendor\ishop\core\Router.php | Строка: 39
=================
[2019-10-09 17:38:18] Текст ошибки: Страница не найдена | Файл: W:\domains\govno\vendor\ishop\core\Router.php | Строка: 39
=================
[2019-10-09 17:38:19] Текст ошибки: Страница не найдена | Файл: W:\domains\govno\vendor\ishop\core\Router.php | Строка: 39
=================
[2019-10-09 17:38:19] Текст ошибки: Страница не найдена | Файл: W:\domains\govno\vendor\ishop\core\Router.php | Строка: 39
=================
[2019-10-09 17:38:19] Текст ошибки: Страница не найдена | Файл: W:\domains\govno\vendor\ishop\core\Router.php | Строка: 39
=================
[2019-10-09 17:38:19] Текст ошибки: Страница не найдена | Файл: W:\domains\govno\vendor\ishop\core\Router.php | Строка: 39
=================
[2019-10-09 17:38:19] Текст ошибки: Страница не найдена | Файл: W:\domains\govno\vendor\ishop\core\Router.php | Строка: 39
=================
[2019-10-09 17:38:19] Текст ошибки: Страница не найдена | Файл: W:\domains\govno\vendor\ishop\core\Router.php | Строка: 39
=================
[2019-10-09 17:38:19] Текст ошибки: Страница не найдена | Файл: W:\domains\govno\vendor\ishop\core\Router.php | Строка: 39
=================
[2019-10-09 17:38:19] Текст ошибки: Страница не найдена | Файл: W:\domains\govno\vendor\ishop\core\Router.php | Строка: 39
=================
[2019-10-09 17:38:19] Текст ошибки: Страница не найдена | Файл: W:\domains\govno\vendor\ishop\core\Router.php | Строка: 39
=================
[2019-10-09 17:38:19] Текст ошибки: Страница не найдена | Файл: W:\domains\govno\vendor\ishop\core\Router.php | Строка: 39
=================
[2019-10-09 17:38:19] Текст ошибки: Страница не найдена | Файл: W:\domains\govno\vendor\ishop\core\Router.php | Строка: 39
=================
[2019-10-09 17:38:19] Текст ошибки: Страница не найдена | Файл: W:\domains\govno\vendor\ishop\core\Router.php | Строка: 39
=================
[2019-10-09 17:38:19] Текст ошибки: Страница не найдена | Файл: W:\domains\govno\vendor\ishop\core\Router.php | Строка: 39
=================
[2019-10-09 17:38:19] Текст ошибки: Страница не найдена | Файл: W:\domains\govno\vendor\ishop\core\Router.php | Строка: 39
=================
[2019-10-09 17:38:19] Текст ошибки: Страница не найдена | Файл: W:\domains\govno\vendor\ishop\core\Router.php | Строка: 39
=================
[2019-10-09 17:38:19] Текст ошибки: Страница не найдена | Файл: W:\domains\govno\vendor\ishop\core\Router.php | Строка: 39
=================
[2019-10-09 17:38:19] Текст ошибки: Страница не найдена | Файл: W:\domains\govno\vendor\ishop\core\Router.php | Строка: 39
=================
[2019-10-09 17:38:19] Текст ошибки: Страница не найдена | Файл: W:\domains\govno\vendor\ishop\core\Router.php | Строка: 39
=================
[2019-10-09 17:38:19] Текст ошибки: Страница не найдена | Файл: W:\domains\govno\vendor\ishop\core\Router.php | Строка: 39
=================
[2019-10-09 17:38:19] Текст ошибки: Страница не найдена | Файл: W:\domains\govno\vendor\ishop\core\Router.php | Строка: 39
=================
[2019-10-09 17:38:19] Текст ошибки: Страница не найдена | Файл: W:\domains\govno\vendor\ishop\core\Router.php | Строка: 39
=================
[2019-10-09 17:38:19] Текст ошибки: Страница не найдена | Файл: W:\domains\govno\vendor\ishop\core\Router.php | Строка: 39
=================
[2019-10-09 17:38:19] Текст ошибки: Страница не найдена | Файл: W:\domains\govno\vendor\ishop\core\Router.php | Строка: 39
=================
[2019-10-09 17:38:19] Текст ошибки: Страница не найдена | Файл: W:\domains\govno\vendor\ishop\core\Router.php | Строка: 39
=================
[2019-10-09 17:38:19] Текст ошибки: Страница не найдена | Файл: W:\domains\govno\vendor\ishop\core\Router.php | Строка: 39
=================
[2019-10-09 17:38:19] Текст ошибки: Страница не найдена | Файл: W:\domains\govno\vendor\ishop\core\Router.php | Строка: 39
=================
[2019-10-09 17:38:19] Текст ошибки: Страница не найдена | Файл: W:\domains\govno\vendor\ishop\core\Router.php | Строка: 39
=================
[2019-10-09 17:38:19] Текст ошибки: Страница не найдена | Файл: W:\domains\govno\vendor\ishop\core\Router.php | Строка: 39
=================
[2019-10-09 17:38:19] Текст ошибки: Страница не найдена | Файл: W:\domains\govno\vendor\ishop\core\Router.php | Строка: 39
=================
[2019-10-09 17:38:19] Текст ошибки: Страница не найдена | Файл: W:\domains\govno\vendor\ishop\core\Router.php | Строка: 39
=================
[2019-10-09 17:38:19] Текст ошибки: Страница не найдена | Файл: W:\domains\govno\vendor\ishop\core\Router.php | Строка: 39
=================
[2019-10-09 17:38:19] Текст ошибки: Страница не найдена | Файл: W:\domains\govno\vendor\ishop\core\Router.php | Строка: 39
=================
[2019-10-09 17:38:19] Текст ошибки: Страница не найдена | Файл: W:\domains\govno\vendor\ishop\core\Router.php | Строка: 39
=================
[2019-10-09 17:38:19] Текст ошибки: Страница не найдена | Файл: W:\domains\govno\vendor\ishop\core\Router.php | Строка: 39
=================
[2019-10-09 17:38:19] Текст ошибки: Страница не найдена | Файл: W:\domains\govno\vendor\ishop\core\Router.php | Строка: 39
=================
[2019-10-09 17:38:20] Текст ошибки: Страница не найдена | Файл: W:\domains\govno\vendor\ishop\core\Router.php | Строка: 39
=================
[2019-10-09 17:38:20] Текст ошибки: Страница не найдена | Файл: W:\domains\govno\vendor\ishop\core\Router.php | Строка: 39
=================
[2019-10-09 17:38:20] Текст ошибки: Страница не найдена | Файл: W:\domains\govno\vendor\ishop\core\Router.php | Строка: 39
=================
[2019-10-09 17:38:20] Текст ошибки: Страница не найдена | Файл: W:\domains\govno\vendor\ishop\core\Router.php | Строка: 39
=================
[2019-10-09 17:38:20] Текст ошибки: Страница не найдена | Файл: W:\domains\govno\vendor\ishop\core\Router.php | Строка: 39
=================
[2019-10-09 17:38:20] Текст ошибки: Страница не найдена | Файл: W:\domains\govno\vendor\ishop\core\Router.php | Строка: 39
=================
[2019-10-09 17:38:20] Текст ошибки: Страница не найдена | Файл: W:\domains\govno\vendor\ishop\core\Router.php | Строка: 39
=================
[2019-10-09 17:38:20] Текст ошибки: Страница не найдена | Файл: W:\domains\govno\vendor\ishop\core\Router.php | Строка: 39
=================
[2019-10-09 17:38:57] Текст ошибки: Страница не найдена | Файл: W:\domains\govno\vendor\ishop\core\Router.php | Строка: 39
=================
[2019-10-09 17:41:29] Текст ошибки: Страница не найдена | Файл: W:\domains\govno\vendor\ishop\core\Router.php | Строка: 39
=================
[2019-10-09 17:44:51] Текст ошибки: Страница не найдена | Файл: W:\domains\govno\vendor\ishop\core\Router.php | Строка: 39
=================
[2019-10-09 17:44:51] Текст ошибки: Страница не найдена | Файл: W:\domains\govno\vendor\ishop\core\Router.php | Строка: 39
=================
[2019-10-09 17:44:51] Текст ошибки: Страница не найдена | Файл: W:\domains\govno\vendor\ishop\core\Router.php | Строка: 39
=================
[2019-10-09 17:44:51] Текст ошибки: Страница не найдена | Файл: W:\domains\govno\vendor\ishop\core\Router.php | Строка: 39
=================
[2019-10-09 17:44:52] Текст ошибки: Страница не найдена | Файл: W:\domains\govno\vendor\ishop\core\Router.php | Строка: 39
=================
[2019-10-09 17:44:52] Текст ошибки: Страница не найдена | Файл: W:\domains\govno\vendor\ishop\core\Router.php | Строка: 39
=================
[2019-10-09 17:44:52] Текст ошибки: Страница не найдена | Файл: W:\domains\govno\vendor\ishop\core\Router.php | Строка: 39
=================
[2019-10-09 17:44:52] Текст ошибки: Страница не найдена | Файл: W:\domains\govno\vendor\ishop\core\Router.php | Строка: 39
=================
[2019-10-09 17:44:52] Текст ошибки: Страница не найдена | Файл: W:\domains\govno\vendor\ishop\core\Router.php | Строка: 39
=================
[2019-10-09 17:44:52] Текст ошибки: Страница не найдена | Файл: W:\domains\govno\vendor\ishop\core\Router.php | Строка: 39
=================
[2019-10-09 17:44:52] Текст ошибки: Страница не найдена | Файл: W:\domains\govno\vendor\ishop\core\Router.php | Строка: 39
=================
[2019-10-09 17:44:52] Текст ошибки: Страница не найдена | Файл: W:\domains\govno\vendor\ishop\core\Router.php | Строка: 39
=================
[2019-10-09 17:44:52] Текст ошибки: Страница не найдена | Файл: W:\domains\govno\vendor\ishop\core\Router.php | Строка: 39
=================
[2019-10-09 17:44:52] Текст ошибки: Страница не найдена | Файл: W:\domains\govno\vendor\ishop\core\Router.php | Строка: 39
=================
[2019-10-09 17:44:52] Текст ошибки: Страница не найдена | Файл: W:\domains\govno\vendor\ishop\core\Router.php | Строка: 39
=================
[2019-10-09 17:44:52] Текст ошибки: Страница не найдена | Файл: W:\domains\govno\vendor\ishop\core\Router.php | Строка: 39
=================
[2019-10-09 17:44:52] Текст ошибки: Страница не найдена | Файл: W:\domains\govno\vendor\ishop\core\Router.php | Строка: 39
=================
[2019-10-09 17:44:52] Текст ошибки: Страница не найдена | Файл: W:\domains\govno\vendor\ishop\core\Router.php | Строка: 39
=================
[2019-10-09 17:44:52] Текст ошибки: Страница не найдена | Файл: W:\domains\govno\vendor\ishop\core\Router.php | Строка: 39
=================
[2019-10-09 17:44:52] Текст ошибки: Страница не найдена | Файл: W:\domains\govno\vendor\ishop\core\Router.php | Строка: 39
=================
[2019-10-09 17:44:52] Текст ошибки: Страница не найдена | Файл: W:\domains\govno\vendor\ishop\core\Router.php | Строка: 39
=================
[2019-10-09 17:44:52] Текст ошибки: Страница не найдена | Файл: W:\domains\govno\vendor\ishop\core\Router.php | Строка: 39
=================
[2019-10-09 17:44:52] Текст ошибки: Страница не найдена | Файл: W:\domains\govno\vendor\ishop\core\Router.php | Строка: 39
=================
[2019-10-09 17:44:52] Текст ошибки: Страница не найдена | Файл: W:\domains\govno\vendor\ishop\core\Router.php | Строка: 39
=================
[2019-10-09 17:44:52] Текст ошибки: Страница не найдена | Файл: W:\domains\govno\vendor\ishop\core\Router.php | Строка: 39
=================
[2019-10-09 17:44:53] Текст ошибки: Страница не найдена | Файл: W:\domains\govno\vendor\ishop\core\Router.php | Строка: 39
=================
[2019-10-09 17:44:53] Текст ошибки: Страница не найдена | Файл: W:\domains\govno\vendor\ishop\core\Router.php | Строка: 39
=================
[2019-10-09 17:44:53] Текст ошибки: Страница не найдена | Файл: W:\domains\govno\vendor\ishop\core\Router.php | Строка: 39
=================
[2019-10-09 17:44:53] Текст ошибки: Страница не найдена | Файл: W:\domains\govno\vendor\ishop\core\Router.php | Строка: 39
=================
[2019-10-09 17:44:53] Текст ошибки: Страница не найдена | Файл: W:\domains\govno\vendor\ishop\core\Router.php | Строка: 39
=================
[2019-10-09 17:44:53] Текст ошибки: Страница не найдена | Файл: W:\domains\govno\vendor\ishop\core\Router.php | Строка: 39
=================
[2019-10-09 17:44:53] Текст ошибки: Страница не найдена | Файл: W:\domains\govno\vendor\ishop\core\Router.php | Строка: 39
=================
[2019-10-09 17:44:53] Текст ошибки: Страница не найдена | Файл: W:\domains\govno\vendor\ishop\core\Router.php | Строка: 39
=================
[2019-10-09 17:44:53] Текст ошибки: Страница не найдена | Файл: W:\domains\govno\vendor\ishop\core\Router.php | Строка: 39
=================
[2019-10-09 17:44:53] Текст ошибки: Страница не найдена | Файл: W:\domains\govno\vendor\ishop\core\Router.php | Строка: 39
=================
[2019-10-09 17:44:53] Текст ошибки: Страница не найдена | Файл: W:\domains\govno\vendor\ishop\core\Router.php | Строка: 39
=================
[2019-10-09 17:44:53] Текст ошибки: Страница не найдена | Файл: W:\domains\govno\vendor\ishop\core\Router.php | Строка: 39
=================
[2019-10-09 17:44:53] Текст ошибки: Страница не найдена | Файл: W:\domains\govno\vendor\ishop\core\Router.php | Строка: 39
=================
[2019-10-09 17:44:53] Текст ошибки: Страница не найдена | Файл: W:\domains\govno\vendor\ishop\core\Router.php | Строка: 39
=================
[2019-10-09 17:44:53] Текст ошибки: Страница не найдена | Файл: W:\domains\govno\vendor\ishop\core\Router.php | Строка: 39
=================
[2019-10-09 17:44:53] Текст ошибки: Страница не найдена | Файл: W:\domains\govno\vendor\ishop\core\Router.php | Строка: 39
=================
[2019-10-09 17:44:53] Текст ошибки: Страница не найдена | Файл: W:\domains\govno\vendor\ishop\core\Router.php | Строка: 39
=================
[2019-10-09 17:44:53] Текст ошибки: Страница не найдена | Файл: W:\domains\govno\vendor\ishop\core\Router.php | Строка: 39
=================
[2019-10-09 17:44:53] Текст ошибки: Страница не найдена | Файл: W:\domains\govno\vendor\ishop\core\Router.php | Строка: 39
=================
[2019-10-09 17:44:53] Текст ошибки: Страница не найдена | Файл: W:\domains\govno\vendor\ishop\core\Router.php | Строка: 39
=================
[2019-10-09 17:44:53] Текст ошибки: Страница не найдена | Файл: W:\domains\govno\vendor\ishop\core\Router.php | Строка: 39
=================
[2019-10-09 17:44:53] Текст ошибки: Страница не найдена | Файл: W:\domains\govno\vendor\ishop\core\Router.php | Строка: 39
=================
[2019-10-09 17:44:53] Текст ошибки: Страница не найдена | Файл: W:\domains\govno\vendor\ishop\core\Router.php | Строка: 39
=================
[2019-10-09 17:44:53] Текст ошибки: Страница не найдена | Файл: W:\domains\govno\vendor\ishop\core\Router.php | Строка: 39
=================
[2019-10-09 17:47:20] Текст ошибки: Страница не найдена | Файл: W:\domains\govno\vendor\ishop\core\Router.php | Строка: 39
=================
[2019-10-09 17:48:25] Текст ошибки: Страница не найдена | Файл: W:\domains\govno\vendor\ishop\core\Router.php | Строка: 39
=================
[2019-10-09 17:48:25] Текст ошибки: Страница не найдена | Файл: W:\domains\govno\vendor\ishop\core\Router.php | Строка: 39
=================
[2019-10-09 17:48:25] Текст ошибки: Страница не найдена | Файл: W:\domains\govno\vendor\ishop\core\Router.php | Строка: 39
=================
[2019-10-09 17:48:25] Текст ошибки: Страница не найдена | Файл: W:\domains\govno\vendor\ishop\core\Router.php | Строка: 39
=================
[2019-10-09 17:48:25] Текст ошибки: Страница не найдена | Файл: W:\domains\govno\vendor\ishop\core\Router.php | Строка: 39
=================
[2019-10-09 17:48:25] Текст ошибки: Страница не найдена | Файл: W:\domains\govno\vendor\ishop\core\Router.php | Строка: 39
=================
[2019-10-09 17:48:25] Текст ошибки: Страница не найдена | Файл: W:\domains\govno\vendor\ishop\core\Router.php | Строка: 39
=================
[2019-10-09 17:48:25] Текст ошибки: Страница не найдена | Файл: W:\domains\govno\vendor\ishop\core\Router.php | Строка: 39
=================
[2019-10-09 17:48:25] Текст ошибки: Страница не найдена | Файл: W:\domains\govno\vendor\ishop\core\Router.php | Строка: 39
=================
[2019-10-09 17:48:25] Текст ошибки: Страница не найдена | Файл: W:\domains\govno\vendor\ishop\core\Router.php | Строка: 39
=================
[2019-10-09 17:48:25] Текст ошибки: Страница не найдена | Файл: W:\domains\govno\vendor\ishop\core\Router.php | Строка: 39
=================
[2019-10-09 17:48:25] Текст ошибки: Страница не найдена | Файл: W:\domains\govno\vendor\ishop\core\Router.php | Строка: 39
=================
[2019-10-09 17:48:25] Текст ошибки: Страница не найдена | Файл: W:\domains\govno\vendor\ishop\core\Router.php | Строка: 39
=================
[2019-10-09 17:48:25] Текст ошибки: Страница не найдена | Файл: W:\domains\govno\vendor\ishop\core\Router.php | Строка: 39
=================
[2019-10-09 17:48:25] Текст ошибки: Страница не найдена | Файл: W:\domains\govno\vendor\ishop\core\Router.php | Строка: 39
=================
[2019-10-09 17:48:25] Текст ошибки: Страница не найдена | Файл: W:\domains\govno\vendor\ishop\core\Router.php | Строка: 39
=================
[2019-10-09 17:48:25] Текст ошибки: Страница не найдена | Файл: W:\domains\govno\vendor\ishop\core\Router.php | Строка: 39
=================
[2019-10-09 17:48:25] Текст ошибки: Страница не найдена | Файл: W:\domains\govno\vendor\ishop\core\Router.php | Строка: 39
=================
[2019-10-09 17:48:25] Текст ошибки: Страница не найдена | Файл: W:\domains\govno\vendor\ishop\core\Router.php | Строка: 39
=================
[2019-10-09 17:48:25] Текст ошибки: Страница не найдена | Файл: W:\domains\govno\vendor\ishop\core\Router.php | Строка: 39
=================
[2019-10-09 17:48:25] Текст ошибки: Страница не найдена | Файл: W:\domains\govno\vendor\ishop\core\Router.php | Строка: 39
=================
[2019-10-09 17:48:25] Текст ошибки: Страница не найдена | Файл: W:\domains\govno\vendor\ishop\core\Router.php | Строка: 39
=================
[2019-10-09 17:48:25] Текст ошибки: Страница не найдена | Файл: W:\domains\govno\vendor\ishop\core\Router.php | Строка: 39
=================
[2019-10-09 17:48:25] Текст ошибки: Страница не найдена | Файл: W:\domains\govno\vendor\ishop\core\Router.php | Строка: 39
=================
[2019-10-09 17:48:25] Текст ошибки: Страница не найдена | Файл: W:\domains\govno\vendor\ishop\core\Router.php | Строка: 39
=================
[2019-10-09 17:48:25] Текст ошибки: Страница не найдена | Файл: W:\domains\govno\vendor\ishop\core\Router.php | Строка: 39
=================
[2019-10-09 17:48:25] Текст ошибки: Страница не найдена | Файл: W:\domains\govno\vendor\ishop\core\Router.php | Строка: 39
=================
[2019-10-09 17:48:25] Текст ошибки: Страница не найдена | Файл: W:\domains\govno\vendor\ishop\core\Router.php | Строка: 39
=================
[2019-10-09 17:48:25] Текст ошибки: Страница не найдена | Файл: W:\domains\govno\vendor\ishop\core\Router.php | Строка: 39
=================
[2019-10-09 17:48:25] Текст ошибки: Страница не найдена | Файл: W:\domains\govno\vendor\ishop\core\Router.php | Строка: 39
=================
[2019-10-09 17:48:25] Текст ошибки: Страница не найдена | Файл: W:\domains\govno\vendor\ishop\core\Router.php | Строка: 39
=================
[2019-10-09 17:48:25] Текст ошибки: Страница не найдена | Файл: W:\domains\govno\vendor\ishop\core\Router.php | Строка: 39
=================
[2019-10-09 17:48:25] Текст ошибки: Страница не найдена | Файл: W:\domains\govno\vendor\ishop\core\Router.php | Строка: 39
=================
[2019-10-09 17:48:25] Текст ошибки: Страница не найдена | Файл: W:\domains\govno\vendor\ishop\core\Router.php | Строка: 39
=================
[2019-10-09 17:48:25] Текст ошибки: Страница не найдена | Файл: W:\domains\govno\vendor\ishop\core\Router.php | Строка: 39
=================
[2019-10-09 17:48:26] Текст ошибки: Страница не найдена | Файл: W:\domains\govno\vendor\ishop\core\Router.php | Строка: 39
=================
[2019-10-09 17:48:26] Текст ошибки: Страница не найдена | Файл: W:\domains\govno\vendor\ishop\core\Router.php | Строка: 39
=================
[2019-10-09 17:48:26] Текст ошибки: Страница не найдена | Файл: W:\domains\govno\vendor\ishop\core\Router.php | Строка: 39
=================
[2019-10-09 17:48:26] Текст ошибки: Страница не найдена | Файл: W:\domains\govno\vendor\ishop\core\Router.php | Строка: 39
=================
[2019-10-09 17:48:26] Текст ошибки: Страница не найдена | Файл: W:\domains\govno\vendor\ishop\core\Router.php | Строка: 39
=================
[2019-10-09 17:48:26] Текст ошибки: Страница не найдена | Файл: W:\domains\govno\vendor\ishop\core\Router.php | Строка: 39
=================
[2019-10-09 17:48:26] Текст ошибки: Страница не найдена | Файл: W:\domains\govno\vendor\ishop\core\Router.php | Строка: 39
=================
[2019-10-09 17:48:26] Текст ошибки: Страница не найдена | Файл: W:\domains\govno\vendor\ishop\core\Router.php | Строка: 39
=================
[2019-10-09 17:48:26] Текст ошибки: Страница не найдена | Файл: W:\domains\govno\vendor\ishop\core\Router.php | Строка: 39
=================
[2019-10-09 17:48:26] Текст ошибки: Страница не найдена | Файл: W:\domains\govno\vendor\ishop\core\Router.php | Строка: 39
=================
[2019-10-09 17:48:26] Текст ошибки: Страница не найдена | Файл: W:\domains\govno\vendor\ishop\core\Router.php | Строка: 39
=================
[2019-10-09 17:48:26] Текст ошибки: Страница не найдена | Файл: W:\domains\govno\vendor\ishop\core\Router.php | Строка: 39
=================
[2019-10-09 17:48:26] Текст ошибки: Страница не найдена | Файл: W:\domains\govno\vendor\ishop\core\Router.php | Строка: 39
=================
[2019-10-09 17:48:26] Текст ошибки: Страница не найдена | Файл: W:\domains\govno\vendor\ishop\core\Router.php | Строка: 39
=================
[2019-10-09 17:48:26] Текст ошибки: Страница не найдена | Файл: W:\domains\govno\vendor\ishop\core\Router.php | Строка: 39
=================
[2019-10-09 17:48:26] Текст ошибки: Страница не найдена | Файл: W:\domains\govno\vendor\ishop\core\Router.php | Строка: 39
=================
[2019-10-09 17:48:26] Текст ошибки: Страница не найдена | Файл: W:\domains\govno\vendor\ishop\core\Router.php | Строка: 39
=================
[2019-10-09 18:00:11] Текст ошибки: Страница не найдена | Файл: W:\domains\govno\vendor\ishop\core\Router.php | Строка: 39
=================
[2019-10-09 18:01:24] Текст ошибки: Страница не найдена | Файл: W:\domains\govno\vendor\ishop\core\Router.php | Строка: 39
=================
[2019-10-09 18:15:26] Текст ошибки: Страница не найдена | Файл: W:\domains\govno\vendor\ishop\core\Router.php | Строка: 39
=================
[2019-10-09 18:17:25] Текст ошибки: Страница не найдена | Файл: W:\domains\govno\vendor\ishop\core\Router.php | Строка: 39
=================
[2019-10-09 18:21:22] Текст ошибки: Страница не найдена | Файл: W:\domains\govno\vendor\ishop\core\Router.php | Строка: 39
=================
[2019-10-09 18:21:47] Текст ошибки: Страница не найдена | Файл: W:\domains\govno\vendor\ishop\core\Router.php | Строка: 39
=================
[2019-10-09 18:21:50] Текст ошибки: Страница не найдена | Файл: W:\domains\govno\vendor\ishop\core\Router.php | Строка: 39
=================
[2019-10-09 18:31:23] Текст ошибки: Страница не найдена | Файл: W:\domains\govno\vendor\ishop\core\Router.php | Строка: 39
=================
[2019-10-09 18:34:16] Текст ошибки: Страница не найдена | Файл: W:\domains\govno\vendor\ishop\core\Router.php | Строка: 39
=================
[2019-10-09 20:42:50] Текст ошибки: Страница не найдена | Файл: W:\domains\govno\vendor\ishop\core\Router.php | Строка: 39
=================
[2019-10-09 20:45:41] Текст ошибки: Страница не найдена | Файл: W:\domains\govno\vendor\ishop\core\Router.php | Строка: 39
=================
[2019-10-09 20:45:59] Текст ошибки: Страница не найдена | Файл: W:\domains\govno\vendor\ishop\core\Router.php | Строка: 39
=================
[2019-10-09 20:48:46] Текст ошибки: Страница не найдена | Файл: W:\domains\govno\vendor\ishop\core\Router.php | Строка: 39
=================
[2019-10-09 20:50:24] Текст ошибки: Страница не найдена | Файл: W:\domains\govno\vendor\ishop\core\Router.php | Строка: 39
=================
[2019-10-09 20:52:41] Текст ошибки: Страница не найдена | Файл: W:\domains\govno\vendor\ishop\core\Router.php | Строка: 39
=================
[2019-10-10 08:01:04] Текст ошибки: Страница не найдена | Файл: W:\domains\govno\vendor\ishop\core\Router.php | Строка: 39
=================
[2019-10-10 08:02:40] Текст ошибки: Страница не найдена | Файл: W:\domains\govno\vendor\ishop\core\Router.php | Строка: 39
=================
[2019-10-10 08:03:19] Текст ошибки: Страница не найдена | Файл: W:\domains\govno\vendor\ishop\core\Router.php | Строка: 39
=================
[2019-10-10 08:07:16] Текст ошибки: Страница не найдена | Файл: W:\domains\govno\vendor\ishop\core\Router.php | Строка: 39
=================
[2019-10-10 08:08:43] Текст ошибки: Страница не найдена | Файл: W:\domains\govno\vendor\ishop\core\Router.php | Строка: 39
=================
[2019-10-10 08:08:46] Текст ошибки: Страница не найдена | Файл: W:\domains\govno\vendor\ishop\core\Router.php | Строка: 39
=================
[2019-10-10 08:17:40] Текст ошибки: Страница не найдена | Файл: W:\domains\govno\vendor\ishop\core\Router.php | Строка: 39
=================
[2019-10-10 08:18:23] Текст ошибки: Страница не найдена | Файл: W:\domains\govno\vendor\ishop\core\Router.php | Строка: 39
=================
[2019-10-10 08:22:52] Текст ошибки: Страница не найдена | Файл: W:\domains\govno\vendor\ishop\core\Router.php | Строка: 39
=================
[2019-10-10 08:29:16] Текст ошибки: Страница не найдена | Файл: W:\domains\govno\vendor\ishop\core\Router.php | Строка: 39
=================
[2019-10-10 15:32:18] Текст ошибки: Страница не найдена | Файл: W:\domains\govno\vendor\ishop\core\Router.php | Строка: 39
=================
[2019-10-10 15:39:57] Текст ошибки: Страница не найдена | Файл: W:\domains\govno\vendor\ishop\core\Router.php | Строка: 39
=================
[2019-10-10 15:46:12] Текст ошибки: Страница не найдена | Файл: W:\domains\govno\vendor\ishop\core\Router.php | Строка: 39
=================
[2019-10-10 15:48:09] Текст ошибки: Страница не найдена | Файл: W:\domains\govno\vendor\ishop\core\Router.php | Строка: 39
=================
[2019-10-10 15:48:24] Текст ошибки: Страница не найдена | Файл: W:\domains\govno\vendor\ishop\core\Router.php | Строка: 39
=================
[2019-10-10 15:49:15] Текст ошибки: Страница не найдена | Файл: W:\domains\govno\vendor\ishop\core\Router.php | Строка: 39
=================
[2019-10-10 15:50:51] Текст ошибки: Страница не найдена | Файл: W:\domains\govno\vendor\ishop\core\Router.php | Строка: 39
=================
[2019-10-10 15:51:30] Текст ошибки: Страница не найдена | Файл: W:\domains\govno\vendor\ishop\core\Router.php | Строка: 39
=================
[2019-10-10 15:52:18] Текст ошибки: Страница не найдена | Файл: W:\domains\govno\vendor\ishop\core\Router.php | Строка: 39
=================
[2019-10-10 15:57:53] Текст ошибки: Страница не найдена | Файл: W:\domains\govno\vendor\ishop\core\Router.php | Строка: 39
=================
[2019-10-10 16:24:12] Текст ошибки: Страница не найдена | Файл: W:\domains\govno\vendor\ishop\core\Router.php | Строка: 39
=================
[2019-10-10 16:25:43] Текст ошибки: Страница не найдена | Файл: W:\domains\govno\vendor\ishop\core\Router.php | Строка: 39
=================
[2019-10-10 16:26:24] Текст ошибки: Страница не найдена | Файл: W:\domains\govno\vendor\ishop\core\Router.php | Строка: 39
=================
[2019-10-10 16:26:42] Текст ошибки: Страница не найдена | Файл: W:\domains\govno\vendor\ishop\core\Router.php | Строка: 39
=================
[2019-10-10 16:28:11] Текст ошибки: Страница не найдена | Файл: W:\domains\govno\vendor\ishop\core\Router.php | Строка: 39
=================
[2019-10-10 16:28:20] Текст ошибки: Страница не найдена | Файл: W:\domains\govno\vendor\ishop\core\Router.php | Строка: 39
=================
[2019-10-10 16:30:05] Текст ошибки: Страница не найдена | Файл: W:\domains\govno\vendor\ishop\core\Router.php | Строка: 39
=================
[2019-10-10 16:31:23] Текст ошибки: Страница не найдена | Файл: W:\domains\govno\vendor\ishop\core\Router.php | Строка: 39
=================
[2019-10-10 16:31:26] Текст ошибки: Страница не найдена | Файл: W:\domains\govno\vendor\ishop\core\Router.php | Строка: 39
=================
[2019-10-10 16:32:20] Текст ошибки: Страница не найдена | Файл: W:\domains\govno\vendor\ishop\core\Router.php | Строка: 39
=================
[2019-10-10 16:34:52] Текст ошибки: Страница не найдена | Файл: W:\domains\govno\vendor\ishop\core\Router.php | Строка: 39
=================
[2019-10-10 16:34:56] Текст ошибки: Страница не найдена | Файл: W:\domains\govno\vendor\ishop\core\Router.php | Строка: 39
=================
[2019-10-10 16:36:12] Текст ошибки: Страница не найдена | Файл: W:\domains\govno\vendor\ishop\core\Router.php | Строка: 39
=================
[2019-10-10 16:37:53] Текст ошибки: Страница не найдена | Файл: W:\domains\govno\vendor\ishop\core\Router.php | Строка: 39
=================
[2019-10-10 16:38:37] Текст ошибки: Страница не найдена | Файл: W:\domains\govno\vendor\ishop\core\Router.php | Строка: 39
=================
[2019-10-10 16:39:08] Текст ошибки: Страница не найдена | Файл: W:\domains\govno\vendor\ishop\core\Router.php | Строка: 39
=================
[2019-10-10 16:39:14] Текст ошибки: Страница не найдена | Файл: W:\domains\govno\vendor\ishop\core\Router.php | Строка: 39
=================
[2019-10-10 16:50:53] Текст ошибки: syntax error, unexpected end of file | Файл: W:\domains\govno\app\widgets\filter\filter_tpl.php | Строка: 30
=================
[2019-10-10 16:50:54] Текст ошибки: Страница не найдена | Файл: W:\domains\govno\vendor\ishop\core\Router.php | Строка: 39
=================
[2019-10-10 16:50:56] Текст ошибки: syntax error, unexpected end of file | Файл: W:\domains\govno\app\widgets\filter\filter_tpl.php | Строка: 30
=================
[2019-10-10 16:50:57] Текст ошибки: syntax error, unexpected end of file | Файл: W:\domains\govno\app\widgets\filter\filter_tpl.php | Строка: 30
=================
[2019-10-10 16:58:27] Текст ошибки: Страница не найдена | Файл: W:\domains\govno\vendor\ishop\core\Router.php | Строка: 39
=================
[2019-10-10 17:00:35] Текст ошибки: Страница не найдена | Файл: W:\domains\govno\vendor\ishop\core\Router.php | Строка: 39
=================
[2019-10-10 17:01:01] Текст ошибки: Страница не найдена | Файл: W:\domains\govno\vendor\ishop\core\Router.php | Строка: 39
=================
[2019-10-10 17:02:25] Текст ошибки: Страница не найдена | Файл: W:\domains\govno\vendor\ishop\core\Router.php | Строка: 39
=================
[2019-10-10 17:02:36] Текст ошибки: Страница не найдена | Файл: W:\domains\govno\vendor\ishop\core\Router.php | Строка: 39
=================
[2019-10-10 17:05:16] Текст ошибки: Страница не найдена | Файл: W:\domains\govno\vendor\ishop\core\Router.php | Строка: 39
=================
[2019-10-10 17:06:23] Текст ошибки: Страница не найдена | Файл: W:\domains\govno\vendor\ishop\core\Router.php | Строка: 39
=================
[2019-10-10 17:06:26] Текст ошибки: Страница не найдена | Файл: W:\domains\govno\vendor\ishop\core\Router.php | Строка: 39
=================
[2019-10-10 17:24:04] Текст ошибки: Страница не найдена | Файл: W:\domains\govno\vendor\ishop\core\Router.php | Строка: 39
=================
[2019-10-10 17:25:29] Текст ошибки: Страница не найдена | Файл: W:\domains\govno\vendor\ishop\core\Router.php | Строка: 39
=================
[2019-10-10 17:27:02] Текст ошибки: Страница не найдена | Файл: W:\domains\govno\vendor\ishop\core\Router.php | Строка: 39
=================
[2019-10-10 17:27:21] Текст ошибки: Страница не найдена | Файл: W:\domains\govno\vendor\ishop\core\Router.php | Строка: 39
=================
[2019-10-10 17:32:47] Текст ошибки: Страница не найдена | Файл: W:\domains\govno\vendor\ishop\core\Router.php | Строка: 39
=================
[2019-10-10 17:32:54] Текст ошибки: Страница не найдена | Файл: W:\domains\govno\vendor\ishop\core\Router.php | Строка: 39
=================
[2019-10-10 17:34:59] Текст ошибки: Страница не найдена | Файл: W:\domains\govno\vendor\ishop\core\Router.php | Строка: 39
=================
[2019-10-10 17:37:43] Текст ошибки: Страница не найдена | Файл: W:\domains\govno\vendor\ishop\core\Router.php | Строка: 39
=================
